[2024-11-10T06:52:02.419+0000] {manager.py:483} INFO - Processing files using up to 1 processes at a time 
[2024-11-10T06:52:02.420+0000] {manager.py:484} INFO - Process each file at most once every 30 seconds
[2024-11-10T06:52:02.420+0000] {manager.py:485} INFO - Checking for new files in /opt/airflow/dags every 300 seconds
[2024-11-10T06:52:02.421+0000] {manager.py:821} INFO - Searching for files in /opt/airflow/dags
[2024-11-10T06:52:02.423+0000] {manager.py:824} INFO - There are 0 files in /opt/airflow/dags
[2024-11-10T06:57:02.509+0000] {manager.py:821} INFO - Searching for files in /opt/airflow/dags
[2024-11-10T06:57:02.511+0000] {manager.py:824} INFO - There are 0 files in /opt/airflow/dags
[2024-11-10T07:02:02.653+0000] {manager.py:821} INFO - Searching for files in /opt/airflow/dags
[2024-11-10T07:02:02.690+0000] {manager.py:824} INFO - There are 0 files in /opt/airflow/dags
[2024-11-10T07:07:03.220+0000] {manager.py:821} INFO - Searching for files in /opt/airflow/dags
[2024-11-10T07:07:03.222+0000] {manager.py:824} INFO - There are 0 files in /opt/airflow/dags
[2024-11-10T07:12:03.632+0000] {manager.py:821} INFO - Searching for files in /opt/airflow/dags
[2024-11-10T07:12:03.634+0000] {manager.py:824} INFO - There are 0 files in /opt/airflow/dags
[2024-11-10T07:17:03.786+0000] {manager.py:821} INFO - Searching for files in /opt/airflow/dags
[2024-11-10T07:17:03.789+0000] {manager.py:824} INFO - There are 0 files in /opt/airflow/dags
[2024-11-10T07:22:04.599+0000] {manager.py:821} INFO - Searching for files in /opt/airflow/dags
[2024-11-10T07:22:04.600+0000] {manager.py:824} INFO - There are 0 files in /opt/airflow/dags
[2024-11-10T13:12:35.819+0000] {manager.py:483} INFO - Processing files using up to 1 processes at a time 
[2024-11-10T13:12:35.823+0000] {manager.py:484} INFO - Process each file at most once every 30 seconds
[2024-11-10T13:12:35.823+0000] {manager.py:485} INFO - Checking for new files in /opt/airflow/dags every 300 seconds
[2024-11-10T13:12:35.823+0000] {manager.py:821} INFO - Searching for files in /opt/airflow/dags
[2024-11-10T13:12:35.824+0000] {manager.py:824} INFO - There are 0 files in /opt/airflow/dags
[2024-11-10T13:53:06.029+0000] {manager.py:821} INFO - Searching for files in /opt/airflow/dags
[2024-11-10T13:53:06.031+0000] {manager.py:824} INFO - There are 0 files in /opt/airflow/dags
[2024-11-10T13:58:06.731+0000] {manager.py:821} INFO - Searching for files in /opt/airflow/dags
[2024-11-10T13:58:06.739+0000] {manager.py:824} INFO - There are 0 files in /opt/airflow/dags
[2024-11-10T14:03:07.284+0000] {manager.py:821} INFO - Searching for files in /opt/airflow/dags
[2024-11-10T14:03:07.285+0000] {manager.py:824} INFO - There are 0 files in /opt/airflow/dags
[2024-11-10T14:08:08.031+0000] {manager.py:821} INFO - Searching for files in /opt/airflow/dags
[2024-11-10T14:08:08.032+0000] {manager.py:824} INFO - There are 0 files in /opt/airflow/dags
[2024-11-10T15:21:49.025+0000] {manager.py:821} INFO - Searching for files in /opt/airflow/dags
[2024-11-10T15:21:49.026+0000] {manager.py:824} INFO - There are 0 files in /opt/airflow/dags
[2024-11-10T15:26:49.409+0000] {manager.py:821} INFO - Searching for files in /opt/airflow/dags
[2024-11-10T15:26:49.409+0000] {manager.py:824} INFO - There are 0 files in /opt/airflow/dags
[2024-11-11T11:06:42.339+0000] {manager.py:483} INFO - Processing files using up to 1 processes at a time 
[2024-11-11T11:06:42.340+0000] {manager.py:484} INFO - Process each file at most once every 30 seconds
[2024-11-11T11:06:42.340+0000] {manager.py:485} INFO - Checking for new files in /opt/airflow/dags every 300 seconds
[2024-11-11T11:06:42.340+0000] {manager.py:821} INFO - Searching for files in /opt/airflow/dags
[2024-11-11T11:06:42.341+0000] {manager.py:824} INFO - There are 0 files in /opt/airflow/dags
[2024-11-11T11:11:42.647+0000] {manager.py:821} INFO - Searching for files in /opt/airflow/dags
[2024-11-11T11:11:42.654+0000] {manager.py:824} INFO - There are 0 files in /opt/airflow/dags
[2024-11-11T11:16:43.213+0000] {manager.py:821} INFO - Searching for files in /opt/airflow/dags
[2024-11-11T11:16:43.219+0000] {manager.py:824} INFO - There are 0 files in /opt/airflow/dags
[2024-11-11T11:21:43.622+0000] {manager.py:821} INFO - Searching for files in /opt/airflow/dags
[2024-11-11T11:21:43.629+0000] {manager.py:824} INFO - There are 0 files in /opt/airflow/dags
[2024-11-11T11:26:44.111+0000] {manager.py:821} INFO - Searching for files in /opt/airflow/dags
[2024-11-11T11:26:44.112+0000] {manager.py:824} INFO - There are 0 files in /opt/airflow/dags
[2024-11-11T11:31:44.619+0000] {manager.py:821} INFO - Searching for files in /opt/airflow/dags
[2024-11-11T11:31:44.621+0000] {manager.py:824} INFO - There are 0 files in /opt/airflow/dags
[2024-11-11T11:36:45.026+0000] {manager.py:821} INFO - Searching for files in /opt/airflow/dags
[2024-11-11T11:36:45.029+0000] {manager.py:824} INFO - There are 0 files in /opt/airflow/dags
[2024-11-11T11:41:45.502+0000] {manager.py:821} INFO - Searching for files in /opt/airflow/dags
[2024-11-11T11:41:45.504+0000] {manager.py:824} INFO - There are 0 files in /opt/airflow/dags
