[2024-11-18T12:39:57.708+0000] {local_task_job_runner.py:123} INFO - ::group::Pre task execution logs
[2024-11-18T12:39:57.720+0000] {taskinstance.py:2613} INFO - Dependencies all met for dep_context=non-requeueable deps ti=<TaskInstance: etl_pipeline_dag.check_environment manual__2024-11-18T12:39:53.182771+00:00 [queued]>
[2024-11-18T12:39:57.726+0000] {taskinstance.py:2613} INFO - Dependencies all met for dep_context=requeueable deps ti=<TaskInstance: etl_pipeline_dag.check_environment manual__2024-11-18T12:39:53.182771+00:00 [queued]>
[2024-11-18T12:39:57.726+0000] {taskinstance.py:2866} INFO - Starting attempt 1 of 1
[2024-11-18T12:39:57.748+0000] {taskinstance.py:2889} INFO - Executing <Task(BashOperator): check_environment> on 2024-11-18 12:39:53.182771+00:00
[2024-11-18T12:39:57.752+0000] {standard_task_runner.py:72} INFO - Started process 227 to run task
[2024-11-18T12:39:57.754+0000] {standard_task_runner.py:104} INFO - Running: ['airflow', 'tasks', 'run', 'etl_pipeline_dag', 'check_environment', 'manual__2024-11-18T12:39:53.182771+00:00', '--job-id', '20', '--raw', '--subdir', 'DAGS_FOLDER/main.py', '--cfg-path', '/tmp/tmpmb4jg_jj']
[2024-11-18T12:39:57.755+0000] {standard_task_runner.py:105} INFO - Job 20: Subtask check_environment
[2024-11-18T12:39:57.791+0000] {task_command.py:467} INFO - Running <TaskInstance: etl_pipeline_dag.check_environment manual__2024-11-18T12:39:53.182771+00:00 [running]> on host 945969587f65
[2024-11-18T12:39:57.883+0000] {taskinstance.py:3132} INFO - Exporting env vars: AIRFLOW_CTX_DAG_OWNER='airflow' AIRFLOW_CTX_DAG_ID='etl_pipeline_dag' AIRFLOW_CTX_TASK_ID='check_environment' AIRFLOW_CTX_EXECUTION_DATE='2024-11-18T12:39:53.182771+00:00' AIRFLOW_CTX_TRY_NUMBER='1' AIRFLOW_CTX_DAG_RUN_ID='manual__2024-11-18T12:39:53.182771+00:00'
[2024-11-18T12:39:57.884+0000] {taskinstance.py:731} INFO - ::endgroup::
[2024-11-18T12:39:57.915+0000] {subprocess.py:78} INFO - Tmp dir root location: /tmp
[2024-11-18T12:39:57.916+0000] {subprocess.py:88} INFO - Running command: ['/usr/bin/bash', '-c', '\n            echo "Current working directory: $PWD" &&\n            echo "DBT_PROFILES_DIR: $DBT_PROFILES_DIR" &&\n            echo "Listing dbt project directory:" &&\n            ls -la /opt/airflow/etl_pipeline &&\n            echo "DBT version:" &&\n            dbt --version\n        ']
[2024-11-18T12:39:57.931+0000] {subprocess.py:99} INFO - Output:
[2024-11-18T12:39:57.935+0000] {subprocess.py:106} INFO - Current working directory: /tmp/airflowtmpewt072y2
[2024-11-18T12:39:57.936+0000] {subprocess.py:106} INFO - DBT_PROFILES_DIR:
[2024-11-18T12:39:57.937+0000] {subprocess.py:106} INFO - Listing dbt project directory:
[2024-11-18T12:39:57.941+0000] {subprocess.py:106} INFO - total 72
[2024-11-18T12:39:57.941+0000] {subprocess.py:106} INFO - drwxrwxrwx 11 1000 1000 4096 Nov 18 10:18 .
[2024-11-18T12:39:57.941+0000] {subprocess.py:106} INFO - drwxrwxrwx  8 root root 4096 Nov 18 12:39 ..
[2024-11-18T12:39:57.942+0000] {subprocess.py:106} INFO - -rwxrwxrwx  1 1000 1000   29 Nov  8 18:16 .gitignore
[2024-11-18T12:39:57.942+0000] {subprocess.py:106} INFO - -rwxrwxrwx  1 root root   41 Nov 18 08:21 .user.yml
[2024-11-18T12:39:57.942+0000] {subprocess.py:106} INFO - -rwxrwxrwx  1 1000 1000  571 Nov  8 18:16 README.md
[2024-11-18T12:39:57.943+0000] {subprocess.py:106} INFO - drwxrwxrwx  2 1000 1000 4096 Nov  8 18:16 analyses
[2024-11-18T12:39:57.943+0000] {subprocess.py:106} INFO - drwxrwxrwx  3 1000 1000 4096 Nov 16 07:19 dbt_packages
[2024-11-18T12:39:57.943+0000] {subprocess.py:106} INFO - -rwxrwxrwx  1 1000 1000 1380 Nov 13 12:54 dbt_project.yml
[2024-11-18T12:39:57.944+0000] {subprocess.py:106} INFO - drwxrwxrwx  2 1000 1000 4096 Nov 10 06:26 logs
[2024-11-18T12:39:57.944+0000] {subprocess.py:106} INFO - drwxrwxrwx  2 1000 1000 4096 Nov  8 18:16 macros
[2024-11-18T12:39:57.944+0000] {subprocess.py:106} INFO - drwxrwxrwx  5 1000 1000 4096 Nov 13 11:29 models
[2024-11-18T12:39:57.945+0000] {subprocess.py:106} INFO - -rwxrwxrwx  1 1000 1000  113 Nov 16 07:19 package-lock.yml
[2024-11-18T12:39:57.947+0000] {subprocess.py:106} INFO - -rwxrwxrwx  1 1000 1000   60 Nov 16 07:18 packages.yml
[2024-11-18T12:39:57.947+0000] {subprocess.py:106} INFO - -rwxrwxrwx  1 1000 1000  196 Nov 18 10:18 profiles.yml
[2024-11-18T12:39:57.948+0000] {subprocess.py:106} INFO - drwxrwxrwx  2 1000 1000 4096 Nov  8 18:16 seeds
[2024-11-18T12:39:57.948+0000] {subprocess.py:106} INFO - drwxrwxrwx  2 1000 1000 4096 Nov  8 18:16 snapshots
[2024-11-18T12:39:57.948+0000] {subprocess.py:106} INFO - drwxrwxrwx  4 1000 1000 4096 Nov 11 11:39 target
[2024-11-18T12:39:57.948+0000] {subprocess.py:106} INFO - drwxrwxrwx  2 1000 1000 4096 Nov  8 18:16 tests
[2024-11-18T12:39:57.949+0000] {subprocess.py:106} INFO - DBT version:
[2024-11-18T12:40:00.324+0000] {subprocess.py:106} INFO - Core:
[2024-11-18T12:40:00.326+0000] {subprocess.py:106} INFO -   - installed: 1.8.8
[2024-11-18T12:40:00.327+0000] {subprocess.py:106} INFO -   - latest:    1.8.8 - Up to date!
[2024-11-18T12:40:00.328+0000] {subprocess.py:106} INFO - 
[2024-11-18T12:40:00.329+0000] {subprocess.py:106} INFO - Plugins:
[2024-11-18T12:40:00.331+0000] {subprocess.py:106} INFO -   - postgres: 1.8.2 - Up to date!
[2024-11-18T12:40:00.333+0000] {subprocess.py:106} INFO - 
[2024-11-18T12:40:00.335+0000] {subprocess.py:106} INFO - 
[2024-11-18T12:40:00.820+0000] {subprocess.py:110} INFO - Command exited with return code 0
[2024-11-18T12:40:00.854+0000] {taskinstance.py:340} INFO - ::group::Post task execution logs
[2024-11-18T12:40:00.855+0000] {taskinstance.py:352} INFO - Marking task as SUCCESS. dag_id=etl_pipeline_dag, task_id=check_environment, run_id=manual__2024-11-18T12:39:53.182771+00:00, execution_date=20241118T123953, start_date=20241118T123957, end_date=20241118T124000
[2024-11-18T12:40:00.898+0000] {local_task_job_runner.py:266} INFO - Task exited with return code 0
[2024-11-18T12:40:00.951+0000] {taskinstance.py:3895} INFO - 1 downstream tasks scheduled from follow-on schedule check
[2024-11-18T12:40:00.963+0000] {local_task_job_runner.py:245} INFO - ::endgroup::
