[2024-11-17T17:29:47.127+0000] {local_task_job_runner.py:123} INFO - ::group::Pre task execution logs
[2024-11-17T17:29:47.136+0000] {taskinstance.py:2613} INFO - Dependencies all met for dep_context=non-requeueable deps ti=<TaskInstance: etl_pipeline_dag.start_message scheduled__2024-11-16T00:00:00+00:00 [queued]>
[2024-11-17T17:29:47.141+0000] {taskinstance.py:2613} INFO - Dependencies all met for dep_context=requeueable deps ti=<TaskInstance: etl_pipeline_dag.start_message scheduled__2024-11-16T00:00:00+00:00 [queued]>
[2024-11-17T17:29:47.141+0000] {taskinstance.py:2866} INFO - Starting attempt 1 of 2
[2024-11-17T17:29:47.189+0000] {taskinstance.py:2889} INFO - Executing <Task(BashOperator): start_message> on 2024-11-16 00:00:00+00:00
[2024-11-17T17:29:47.193+0000] {standard_task_runner.py:72} INFO - Started process 144 to run task
[2024-11-17T17:29:47.195+0000] {standard_task_runner.py:104} INFO - Running: ['airflow', 'tasks', 'run', 'etl_pipeline_dag', 'start_message', 'scheduled__2024-11-16T00:00:00+00:00', '--job-id', '35', '--raw', '--subdir', 'DAGS_FOLDER/main.py', '--cfg-path', '/tmp/tmphnl3n0uv']
[2024-11-17T17:29:47.196+0000] {standard_task_runner.py:105} INFO - Job 35: Subtask start_message
[2024-11-17T17:29:47.237+0000] {task_command.py:467} INFO - Running <TaskInstance: etl_pipeline_dag.start_message scheduled__2024-11-16T00:00:00+00:00 [running]> on host 0441811e6393
[2024-11-17T17:29:47.309+0000] {taskinstance.py:3132} INFO - Exporting env vars: AIRFLOW_CTX_DAG_OWNER='airflow' AIRFLOW_CTX_DAG_ID='etl_pipeline_dag' AIRFLOW_CTX_TASK_ID='start_message' AIRFLOW_CTX_EXECUTION_DATE='2024-11-16T00:00:00+00:00' AIRFLOW_CTX_TRY_NUMBER='1' AIRFLOW_CTX_DAG_RUN_ID='scheduled__2024-11-16T00:00:00+00:00'
[2024-11-17T17:29:47.310+0000] {taskinstance.py:731} INFO - ::endgroup::
[2024-11-17T17:29:47.325+0000] {subprocess.py:78} INFO - Tmp dir root location: /tmp
[2024-11-17T17:29:47.326+0000] {subprocess.py:88} INFO - Running command: ['/usr/bin/bash', '-c', 'echo "ETL Pipeline started successfully!"']
[2024-11-17T17:29:47.332+0000] {subprocess.py:99} INFO - Output:
[2024-11-17T17:29:47.333+0000] {subprocess.py:106} INFO - ETL Pipeline started successfully!
[2024-11-17T17:29:47.334+0000] {subprocess.py:110} INFO - Command exited with return code 0
[2024-11-17T17:29:47.367+0000] {taskinstance.py:340} INFO - ::group::Post task execution logs
[2024-11-17T17:29:47.368+0000] {taskinstance.py:352} INFO - Marking task as SUCCESS. dag_id=etl_pipeline_dag, task_id=start_message, run_id=scheduled__2024-11-16T00:00:00+00:00, execution_date=20241116T000000, start_date=20241117T172947, end_date=20241117T172947
[2024-11-17T17:29:47.407+0000] {local_task_job_runner.py:266} INFO - Task exited with return code 0
[2024-11-17T17:29:47.420+0000] {taskinstance.py:3895} INFO - 1 downstream tasks scheduled from follow-on schedule check
[2024-11-17T17:29:47.435+0000] {local_task_job_runner.py:245} INFO - ::endgroup::
