[2024-11-17T17:29:49.746+0000] {local_task_job_runner.py:123} INFO - ::group::Pre task execution logs
[2024-11-17T17:29:49.754+0000] {taskinstance.py:2613} INFO - Dependencies all met for dep_context=non-requeueable deps ti=<TaskInstance: etl_pipeline_dag.start_message manual__2024-11-17T17:22:22.930970+00:00 [queued]>
[2024-11-17T17:29:49.759+0000] {taskinstance.py:2613} INFO - Dependencies all met for dep_context=requeueable deps ti=<TaskInstance: etl_pipeline_dag.start_message manual__2024-11-17T17:22:22.930970+00:00 [queued]>
[2024-11-17T17:29:49.759+0000] {taskinstance.py:2866} INFO - Starting attempt 1 of 2
[2024-11-17T17:29:49.783+0000] {taskinstance.py:2889} INFO - Executing <Task(BashOperator): start_message> on 2024-11-17 17:22:22.930970+00:00
[2024-11-17T17:29:49.787+0000] {standard_task_runner.py:72} INFO - Started process 156 to run task
[2024-11-17T17:29:49.789+0000] {standard_task_runner.py:104} INFO - Running: ['airflow', 'tasks', 'run', 'etl_pipeline_dag', 'start_message', 'manual__2024-11-17T17:22:22.930970+00:00', '--job-id', '36', '--raw', '--subdir', 'DAGS_FOLDER/main.py', '--cfg-path', '/tmp/tmpj1072ap3']
[2024-11-17T17:29:49.790+0000] {standard_task_runner.py:105} INFO - Job 36: Subtask start_message
[2024-11-17T17:29:49.826+0000] {task_command.py:467} INFO - Running <TaskInstance: etl_pipeline_dag.start_message manual__2024-11-17T17:22:22.930970+00:00 [running]> on host 0441811e6393
[2024-11-17T17:29:49.909+0000] {taskinstance.py:3132} INFO - Exporting env vars: AIRFLOW_CTX_DAG_OWNER='airflow' AIRFLOW_CTX_DAG_ID='etl_pipeline_dag' AIRFLOW_CTX_TASK_ID='start_message' AIRFLOW_CTX_EXECUTION_DATE='2024-11-17T17:22:22.930970+00:00' AIRFLOW_CTX_TRY_NUMBER='1' AIRFLOW_CTX_DAG_RUN_ID='manual__2024-11-17T17:22:22.930970+00:00'
[2024-11-17T17:29:49.910+0000] {taskinstance.py:731} INFO - ::endgroup::
[2024-11-17T17:29:49.923+0000] {subprocess.py:78} INFO - Tmp dir root location: /tmp
[2024-11-17T17:29:49.923+0000] {subprocess.py:88} INFO - Running command: ['/usr/bin/bash', '-c', 'echo "ETL Pipeline started successfully!"']
[2024-11-17T17:29:49.930+0000] {subprocess.py:99} INFO - Output:
[2024-11-17T17:29:49.931+0000] {subprocess.py:106} INFO - ETL Pipeline started successfully!
[2024-11-17T17:29:49.931+0000] {subprocess.py:110} INFO - Command exited with return code 0
[2024-11-17T17:29:49.961+0000] {taskinstance.py:340} INFO - ::group::Post task execution logs
[2024-11-17T17:29:49.961+0000] {taskinstance.py:352} INFO - Marking task as SUCCESS. dag_id=etl_pipeline_dag, task_id=start_message, run_id=manual__2024-11-17T17:22:22.930970+00:00, execution_date=20241117T172222, start_date=20241117T172949, end_date=20241117T172949
[2024-11-17T17:29:50.001+0000] {local_task_job_runner.py:266} INFO - Task exited with return code 0
[2024-11-17T17:29:50.014+0000] {taskinstance.py:3895} INFO - 1 downstream tasks scheduled from follow-on schedule check
[2024-11-17T17:29:50.037+0000] {local_task_job_runner.py:245} INFO - ::endgroup::
