[2024-11-18T12:42:12.026+0000] {local_task_job_runner.py:123} INFO - ::group::Pre task execution logs
[2024-11-18T12:42:12.038+0000] {taskinstance.py:2613} INFO - Dependencies all met for dep_context=non-requeueable deps ti=<TaskInstance: etl_pipeline_dag.dbt_debug manual__2024-11-18T12:42:00.552416+00:00 [queued]>
[2024-11-18T12:42:12.046+0000] {taskinstance.py:2613} INFO - Dependencies all met for dep_context=requeueable deps ti=<TaskInstance: etl_pipeline_dag.dbt_debug manual__2024-11-18T12:42:00.552416+00:00 [queued]>
[2024-11-18T12:42:12.047+0000] {taskinstance.py:2866} INFO - Starting attempt 1 of 1
[2024-11-18T12:42:12.095+0000] {taskinstance.py:2889} INFO - Executing <Task(BashOperator): dbt_debug> on 2024-11-18 12:42:00.552416+00:00
[2024-11-18T12:42:12.103+0000] {standard_task_runner.py:72} INFO - Started process 323 to run task
[2024-11-18T12:42:12.106+0000] {standard_task_runner.py:104} INFO - Running: ['airflow', 'tasks', 'run', 'etl_pipeline_dag', 'dbt_debug', 'manual__2024-11-18T12:42:00.552416+00:00', '--job-id', '26', '--raw', '--subdir', 'DAGS_FOLDER/main.py', '--cfg-path', '/tmp/tmpmzr9ag9s']
[2024-11-18T12:42:12.108+0000] {standard_task_runner.py:105} INFO - Job 26: Subtask dbt_debug
[2024-11-18T12:42:12.208+0000] {task_command.py:467} INFO - Running <TaskInstance: etl_pipeline_dag.dbt_debug manual__2024-11-18T12:42:00.552416+00:00 [running]> on host 945969587f65
[2024-11-18T12:42:12.443+0000] {taskinstance.py:3132} INFO - Exporting env vars: AIRFLOW_CTX_DAG_OWNER='airflow' AIRFLOW_CTX_DAG_ID='etl_pipeline_dag' AIRFLOW_CTX_TASK_ID='dbt_debug' AIRFLOW_CTX_EXECUTION_DATE='2024-11-18T12:42:00.552416+00:00' AIRFLOW_CTX_TRY_NUMBER='1' AIRFLOW_CTX_DAG_RUN_ID='manual__2024-11-18T12:42:00.552416+00:00'
[2024-11-18T12:42:12.446+0000] {taskinstance.py:731} INFO - ::endgroup::
[2024-11-18T12:42:12.509+0000] {subprocess.py:78} INFO - Tmp dir root location: /tmp
[2024-11-18T12:42:12.511+0000] {subprocess.py:88} INFO - Running command: ['/usr/bin/bash', '-c', 'cd /opt/airflow/etl_pipeline && dbt debug --config-dir']
[2024-11-18T12:42:12.535+0000] {subprocess.py:99} INFO - Output:
[2024-11-18T12:42:14.418+0000] {subprocess.py:106} INFO - [0m12:42:14  Running with dbt=1.8.8
[2024-11-18T12:42:14.426+0000] {subprocess.py:106} INFO - [0m12:42:14  To view your profiles.yml file, run:
[2024-11-18T12:42:14.426+0000] {subprocess.py:106} INFO - 
[2024-11-18T12:42:14.427+0000] {subprocess.py:106} INFO - xdg-open /opt/airflow/etl_pipeline
[2024-11-18T12:42:16.333+0000] {subprocess.py:110} INFO - Command exited with return code 0
[2024-11-18T12:42:16.397+0000] {taskinstance.py:340} INFO - ::group::Post task execution logs
[2024-11-18T12:42:16.398+0000] {taskinstance.py:352} INFO - Marking task as SUCCESS. dag_id=etl_pipeline_dag, task_id=dbt_debug, run_id=manual__2024-11-18T12:42:00.552416+00:00, execution_date=20241118T124200, start_date=20241118T124212, end_date=20241118T124216
[2024-11-18T12:42:16.465+0000] {local_task_job_runner.py:266} INFO - Task exited with return code 0
[2024-11-18T12:42:16.483+0000] {taskinstance.py:3895} INFO - 1 downstream tasks scheduled from follow-on schedule check
[2024-11-18T12:42:16.508+0000] {local_task_job_runner.py:245} INFO - ::endgroup::
