[2024-11-18T12:33:05.824+0000] {local_task_job_runner.py:123} INFO - ::group::Pre task execution logs
[2024-11-18T12:33:05.837+0000] {taskinstance.py:2613} INFO - Dependencies all met for dep_context=non-requeueable deps ti=<TaskInstance: etl_pipeline_dag.start_message scheduled__2024-11-17T00:00:00+00:00 [queued]>
[2024-11-18T12:33:05.843+0000] {taskinstance.py:2613} INFO - Dependencies all met for dep_context=requeueable deps ti=<TaskInstance: etl_pipeline_dag.start_message scheduled__2024-11-17T00:00:00+00:00 [queued]>
[2024-11-18T12:33:05.844+0000] {taskinstance.py:2866} INFO - Starting attempt 1 of 2
[2024-11-18T12:33:05.872+0000] {taskinstance.py:2889} INFO - Executing <Task(BashOperator): start_message> on 2024-11-17 00:00:00+00:00
[2024-11-18T12:33:05.887+0000] {standard_task_runner.py:72} INFO - Started process 89 to run task
[2024-11-18T12:33:05.894+0000] {standard_task_runner.py:104} INFO - Running: ['airflow', 'tasks', 'run', 'etl_pipeline_dag', 'start_message', 'scheduled__2024-11-17T00:00:00+00:00', '--job-id', '5', '--raw', '--subdir', 'DAGS_FOLDER/main.py', '--cfg-path', '/tmp/tmpym4itdl4']
[2024-11-18T12:33:05.900+0000] {standard_task_runner.py:105} INFO - Job 5: Subtask start_message
[2024-11-18T12:33:06.014+0000] {task_command.py:467} INFO - Running <TaskInstance: etl_pipeline_dag.start_message scheduled__2024-11-17T00:00:00+00:00 [running]> on host 3145f9671393
[2024-11-18T12:33:06.234+0000] {taskinstance.py:3132} INFO - Exporting env vars: AIRFLOW_CTX_DAG_OWNER='airflow' AIRFLOW_CTX_DAG_ID='etl_pipeline_dag' AIRFLOW_CTX_TASK_ID='start_message' AIRFLOW_CTX_EXECUTION_DATE='2024-11-17T00:00:00+00:00' AIRFLOW_CTX_TRY_NUMBER='1' AIRFLOW_CTX_DAG_RUN_ID='scheduled__2024-11-17T00:00:00+00:00'
[2024-11-18T12:33:06.236+0000] {taskinstance.py:731} INFO - ::endgroup::
[2024-11-18T12:33:06.401+0000] {subprocess.py:78} INFO - Tmp dir root location: /tmp
[2024-11-18T12:33:06.404+0000] {subprocess.py:88} INFO - Running command: ['/usr/bin/bash', '-c', 'echo "ETL Pipeline started successfully!"']
[2024-11-18T12:33:06.432+0000] {subprocess.py:99} INFO - Output:
[2024-11-18T12:33:06.444+0000] {subprocess.py:106} INFO - ETL Pipeline started successfully!
[2024-11-18T12:33:06.445+0000] {subprocess.py:110} INFO - Command exited with return code 0
[2024-11-18T12:33:06.502+0000] {taskinstance.py:340} INFO - ::group::Post task execution logs
[2024-11-18T12:33:06.504+0000] {taskinstance.py:352} INFO - Marking task as SUCCESS. dag_id=etl_pipeline_dag, task_id=start_message, run_id=scheduled__2024-11-17T00:00:00+00:00, execution_date=20241117T000000, start_date=20241118T123305, end_date=20241118T123306
[2024-11-18T12:33:06.589+0000] {local_task_job_runner.py:266} INFO - Task exited with return code 0
[2024-11-18T12:33:06.657+0000] {taskinstance.py:3895} INFO - 1 downstream tasks scheduled from follow-on schedule check
[2024-11-18T12:33:06.669+0000] {local_task_job_runner.py:245} INFO - ::endgroup::
