[2024-11-18T12:42:04.359+0000] {local_task_job_runner.py:123} INFO - ::group::Pre task execution logs
[2024-11-18T12:42:04.373+0000] {taskinstance.py:2613} INFO - Dependencies all met for dep_context=non-requeueable deps ti=<TaskInstance: etl_pipeline_dag.check_environment manual__2024-11-18T12:42:00.552416+00:00 [queued]>
[2024-11-18T12:42:04.385+0000] {taskinstance.py:2613} INFO - Dependencies all met for dep_context=requeueable deps ti=<TaskInstance: etl_pipeline_dag.check_environment manual__2024-11-18T12:42:00.552416+00:00 [queued]>
[2024-11-18T12:42:04.385+0000] {taskinstance.py:2866} INFO - Starting attempt 1 of 1
[2024-11-18T12:42:04.427+0000] {taskinstance.py:2889} INFO - Executing <Task(BashOperator): check_environment> on 2024-11-18 12:42:00.552416+00:00
[2024-11-18T12:42:04.441+0000] {standard_task_runner.py:72} INFO - Started process 309 to run task
[2024-11-18T12:42:04.450+0000] {standard_task_runner.py:104} INFO - Running: ['airflow', 'tasks', 'run', 'etl_pipeline_dag', 'check_environment', 'manual__2024-11-18T12:42:00.552416+00:00', '--job-id', '25', '--raw', '--subdir', 'DAGS_FOLDER/main.py', '--cfg-path', '/tmp/tmprm9_5ttp']
[2024-11-18T12:42:04.455+0000] {standard_task_runner.py:105} INFO - Job 25: Subtask check_environment
[2024-11-18T12:42:04.575+0000] {task_command.py:467} INFO - Running <TaskInstance: etl_pipeline_dag.check_environment manual__2024-11-18T12:42:00.552416+00:00 [running]> on host 945969587f65
[2024-11-18T12:42:04.872+0000] {taskinstance.py:3132} INFO - Exporting env vars: AIRFLOW_CTX_DAG_OWNER='airflow' AIRFLOW_CTX_DAG_ID='etl_pipeline_dag' AIRFLOW_CTX_TASK_ID='check_environment' AIRFLOW_CTX_EXECUTION_DATE='2024-11-18T12:42:00.552416+00:00' AIRFLOW_CTX_TRY_NUMBER='1' AIRFLOW_CTX_DAG_RUN_ID='manual__2024-11-18T12:42:00.552416+00:00'
[2024-11-18T12:42:04.873+0000] {taskinstance.py:731} INFO - ::endgroup::
[2024-11-18T12:42:04.952+0000] {subprocess.py:78} INFO - Tmp dir root location: /tmp
[2024-11-18T12:42:04.955+0000] {subprocess.py:88} INFO - Running command: ['/usr/bin/bash', '-c', '\n            echo "Current working directory: $PWD" &&\n            echo "DBT_PROFILES_DIR: $DBT_PROFILES_DIR" &&\n            echo "Listing dbt project directory:" &&\n            ls -la /opt/airflow/etl_pipeline &&\n            echo "DBT version:" &&\n            dbt --version\n        ']
[2024-11-18T12:42:04.984+0000] {subprocess.py:99} INFO - Output:
[2024-11-18T12:42:04.990+0000] {subprocess.py:106} INFO - Current working directory: /tmp/airflowtmp75w24u2q
[2024-11-18T12:42:04.991+0000] {subprocess.py:106} INFO - DBT_PROFILES_DIR:
[2024-11-18T12:42:04.992+0000] {subprocess.py:106} INFO - Listing dbt project directory:
[2024-11-18T12:42:05.000+0000] {subprocess.py:106} INFO - total 72
[2024-11-18T12:42:05.001+0000] {subprocess.py:106} INFO - drwxrwxrwx 11 1000 1000 4096 Nov 18 10:18 .
[2024-11-18T12:42:05.002+0000] {subprocess.py:106} INFO - drwxrwxrwx  8 root root 4096 Nov 18 12:42 ..
[2024-11-18T12:42:05.003+0000] {subprocess.py:106} INFO - -rwxrwxrwx  1 1000 1000   29 Nov  8 18:16 .gitignore
[2024-11-18T12:42:05.003+0000] {subprocess.py:106} INFO - -rwxrwxrwx  1 root root   41 Nov 18 08:21 .user.yml
[2024-11-18T12:42:05.004+0000] {subprocess.py:106} INFO - -rwxrwxrwx  1 1000 1000  571 Nov  8 18:16 README.md
[2024-11-18T12:42:05.005+0000] {subprocess.py:106} INFO - drwxrwxrwx  2 1000 1000 4096 Nov  8 18:16 analyses
[2024-11-18T12:42:05.005+0000] {subprocess.py:106} INFO - drwxrwxrwx  3 1000 1000 4096 Nov 16 07:19 dbt_packages
[2024-11-18T12:42:05.006+0000] {subprocess.py:106} INFO - -rwxrwxrwx  1 1000 1000 1380 Nov 13 12:54 dbt_project.yml
[2024-11-18T12:42:05.006+0000] {subprocess.py:106} INFO - drwxrwxrwx  2 1000 1000 4096 Nov 10 06:26 logs
[2024-11-18T12:42:05.007+0000] {subprocess.py:106} INFO - drwxrwxrwx  2 1000 1000 4096 Nov  8 18:16 macros
[2024-11-18T12:42:05.008+0000] {subprocess.py:106} INFO - drwxrwxrwx  5 1000 1000 4096 Nov 13 11:29 models
[2024-11-18T12:42:05.009+0000] {subprocess.py:106} INFO - -rwxrwxrwx  1 1000 1000  113 Nov 16 07:19 package-lock.yml
[2024-11-18T12:42:05.009+0000] {subprocess.py:106} INFO - -rwxrwxrwx  1 1000 1000   60 Nov 16 07:18 packages.yml
[2024-11-18T12:42:05.010+0000] {subprocess.py:106} INFO - -rwxrwxrwx  1 1000 1000  196 Nov 18 10:18 profiles.yml
[2024-11-18T12:42:05.011+0000] {subprocess.py:106} INFO - drwxrwxrwx  2 1000 1000 4096 Nov  8 18:16 seeds
[2024-11-18T12:42:05.012+0000] {subprocess.py:106} INFO - drwxrwxrwx  2 1000 1000 4096 Nov  8 18:16 snapshots
[2024-11-18T12:42:05.013+0000] {subprocess.py:106} INFO - drwxrwxrwx  4 1000 1000 4096 Nov 11 11:39 target
[2024-11-18T12:42:05.013+0000] {subprocess.py:106} INFO - drwxrwxrwx  2 1000 1000 4096 Nov  8 18:16 tests
[2024-11-18T12:42:05.014+0000] {subprocess.py:106} INFO - DBT version:
[2024-11-18T12:42:07.591+0000] {subprocess.py:106} INFO - Core:
[2024-11-18T12:42:07.593+0000] {subprocess.py:106} INFO -   - installed: 1.8.8
[2024-11-18T12:42:07.594+0000] {subprocess.py:106} INFO -   - latest:    1.8.8 - Up to date!
[2024-11-18T12:42:07.595+0000] {subprocess.py:106} INFO - 
[2024-11-18T12:42:07.597+0000] {subprocess.py:106} INFO - Plugins:
[2024-11-18T12:42:07.599+0000] {subprocess.py:106} INFO -   - postgres: 1.8.2 - Up to date!
[2024-11-18T12:42:07.600+0000] {subprocess.py:106} INFO - 
[2024-11-18T12:42:07.601+0000] {subprocess.py:106} INFO - 
[2024-11-18T12:42:08.115+0000] {subprocess.py:110} INFO - Command exited with return code 0
[2024-11-18T12:42:08.154+0000] {taskinstance.py:340} INFO - ::group::Post task execution logs
[2024-11-18T12:42:08.154+0000] {taskinstance.py:352} INFO - Marking task as SUCCESS. dag_id=etl_pipeline_dag, task_id=check_environment, run_id=manual__2024-11-18T12:42:00.552416+00:00, execution_date=20241118T124200, start_date=20241118T124204, end_date=20241118T124208
[2024-11-18T12:42:08.199+0000] {local_task_job_runner.py:266} INFO - Task exited with return code 0
[2024-11-18T12:42:08.269+0000] {taskinstance.py:3895} INFO - 1 downstream tasks scheduled from follow-on schedule check
[2024-11-18T12:42:08.285+0000] {local_task_job_runner.py:245} INFO - ::endgroup::
