[2024-11-17T17:30:06.882+0000] {local_task_job_runner.py:123} INFO - ::group::Pre task execution logs
[2024-11-17T17:30:06.893+0000] {taskinstance.py:2613} INFO - Dependencies all met for dep_context=non-requeueable deps ti=<TaskInstance: etl_pipeline_dag.start_message manual__2024-11-17T17:30:02.011089+00:00 [queued]>
[2024-11-17T17:30:06.898+0000] {taskinstance.py:2613} INFO - Dependencies all met for dep_context=requeueable deps ti=<TaskInstance: etl_pipeline_dag.start_message manual__2024-11-17T17:30:02.011089+00:00 [queued]>
[2024-11-17T17:30:06.898+0000] {taskinstance.py:2866} INFO - Starting attempt 1 of 2
[2024-11-17T17:30:06.930+0000] {taskinstance.py:2889} INFO - Executing <Task(BashOperator): start_message> on 2024-11-17 17:30:02.011089+00:00
[2024-11-17T17:30:06.935+0000] {standard_task_runner.py:72} INFO - Started process 192 to run task
[2024-11-17T17:30:06.937+0000] {standard_task_runner.py:104} INFO - Running: ['airflow', 'tasks', 'run', 'etl_pipeline_dag', 'start_message', 'manual__2024-11-17T17:30:02.011089+00:00', '--job-id', '39', '--raw', '--subdir', 'DAGS_FOLDER/main.py', '--cfg-path', '/tmp/tmp057cahk9']
[2024-11-17T17:30:06.938+0000] {standard_task_runner.py:105} INFO - Job 39: Subtask start_message
[2024-11-17T17:30:06.982+0000] {task_command.py:467} INFO - Running <TaskInstance: etl_pipeline_dag.start_message manual__2024-11-17T17:30:02.011089+00:00 [running]> on host 0441811e6393
[2024-11-17T17:30:07.078+0000] {taskinstance.py:3132} INFO - Exporting env vars: AIRFLOW_CTX_DAG_OWNER='airflow' AIRFLOW_CTX_DAG_ID='etl_pipeline_dag' AIRFLOW_CTX_TASK_ID='start_message' AIRFLOW_CTX_EXECUTION_DATE='2024-11-17T17:30:02.011089+00:00' AIRFLOW_CTX_TRY_NUMBER='1' AIRFLOW_CTX_DAG_RUN_ID='manual__2024-11-17T17:30:02.011089+00:00'
[2024-11-17T17:30:07.079+0000] {taskinstance.py:731} INFO - ::endgroup::
[2024-11-17T17:30:07.095+0000] {subprocess.py:78} INFO - Tmp dir root location: /tmp
[2024-11-17T17:30:07.096+0000] {subprocess.py:88} INFO - Running command: ['/usr/bin/bash', '-c', 'echo "ETL Pipeline started successfully!"']
[2024-11-17T17:30:07.104+0000] {subprocess.py:99} INFO - Output:
[2024-11-17T17:30:07.106+0000] {subprocess.py:106} INFO - ETL Pipeline started successfully!
[2024-11-17T17:30:07.107+0000] {subprocess.py:110} INFO - Command exited with return code 0
[2024-11-17T17:30:07.145+0000] {taskinstance.py:340} INFO - ::group::Post task execution logs
[2024-11-17T17:30:07.146+0000] {taskinstance.py:352} INFO - Marking task as SUCCESS. dag_id=etl_pipeline_dag, task_id=start_message, run_id=manual__2024-11-17T17:30:02.011089+00:00, execution_date=20241117T173002, start_date=20241117T173006, end_date=20241117T173007
[2024-11-17T17:30:07.190+0000] {local_task_job_runner.py:266} INFO - Task exited with return code 0
[2024-11-17T17:30:07.209+0000] {taskinstance.py:3895} INFO - 1 downstream tasks scheduled from follow-on schedule check
[2024-11-17T17:30:07.228+0000] {local_task_job_runner.py:245} INFO - ::endgroup::
