[2024-11-18T12:37:30.719+0000] {local_task_job_runner.py:123} INFO - ::group::Pre task execution logs
[2024-11-18T12:37:30.759+0000] {taskinstance.py:2613} INFO - Dependencies all met for dep_context=non-requeueable deps ti=<TaskInstance: etl_pipeline_dag.dbt_debug manual__2024-11-18T12:33:00.228556+00:00 [queued]>
[2024-11-18T12:37:30.787+0000] {taskinstance.py:2613} INFO - Dependencies all met for dep_context=requeueable deps ti=<TaskInstance: etl_pipeline_dag.dbt_debug manual__2024-11-18T12:33:00.228556+00:00 [queued]>
[2024-11-18T12:37:30.788+0000] {taskinstance.py:2866} INFO - Starting attempt 1 of 2
[2024-11-18T12:37:30.847+0000] {taskinstance.py:2889} INFO - Executing <Task(BashOperator): dbt_debug> on 2024-11-18 12:33:00.228556+00:00
[2024-11-18T12:37:30.860+0000] {standard_task_runner.py:72} INFO - Started process 130 to run task
[2024-11-18T12:37:30.869+0000] {standard_task_runner.py:104} INFO - Running: ['airflow', 'tasks', 'run', 'etl_pipeline_dag', 'dbt_debug', 'manual__2024-11-18T12:33:00.228556+00:00', '--job-id', '15', '--raw', '--subdir', 'DAGS_FOLDER/main.py', '--cfg-path', '/tmp/tmpe3majmki']
[2024-11-18T12:37:30.874+0000] {standard_task_runner.py:105} INFO - Job 15: Subtask dbt_debug
[2024-11-18T12:37:30.990+0000] {task_command.py:467} INFO - Running <TaskInstance: etl_pipeline_dag.dbt_debug manual__2024-11-18T12:33:00.228556+00:00 [running]> on host 945969587f65
[2024-11-18T12:37:31.226+0000] {taskinstance.py:3132} INFO - Exporting env vars: AIRFLOW_CTX_DAG_OWNER='airflow' AIRFLOW_CTX_DAG_ID='etl_pipeline_dag' AIRFLOW_CTX_TASK_ID='dbt_debug' AIRFLOW_CTX_EXECUTION_DATE='2024-11-18T12:33:00.228556+00:00' AIRFLOW_CTX_TRY_NUMBER='1' AIRFLOW_CTX_DAG_RUN_ID='manual__2024-11-18T12:33:00.228556+00:00'
[2024-11-18T12:37:31.228+0000] {taskinstance.py:731} INFO - ::endgroup::
[2024-11-18T12:37:31.295+0000] {subprocess.py:78} INFO - Tmp dir root location: /tmp
[2024-11-18T12:37:31.297+0000] {subprocess.py:88} INFO - Running command: ['/usr/bin/bash', '-c', 'cd /opt/airflow/etl_pipeline && dbt debug --config-dir']
[2024-11-18T12:37:31.321+0000] {subprocess.py:99} INFO - Output:
[2024-11-18T12:37:33.278+0000] {subprocess.py:106} INFO - [0m12:37:33  Running with dbt=1.8.8
[2024-11-18T12:37:33.287+0000] {subprocess.py:106} INFO - [0m12:37:33  To view your profiles.yml file, run:
[2024-11-18T12:37:33.287+0000] {subprocess.py:106} INFO - 
[2024-11-18T12:37:33.287+0000] {subprocess.py:106} INFO - xdg-open /opt/airflow/etl_pipeline
[2024-11-18T12:37:34.890+0000] {subprocess.py:110} INFO - Command exited with return code 0
[2024-11-18T12:37:34.947+0000] {taskinstance.py:340} INFO - ::group::Post task execution logs
[2024-11-18T12:37:34.949+0000] {taskinstance.py:352} INFO - Marking task as SUCCESS. dag_id=etl_pipeline_dag, task_id=dbt_debug, run_id=manual__2024-11-18T12:33:00.228556+00:00, execution_date=20241118T123300, start_date=20241118T123730, end_date=20241118T123734
[2024-11-18T12:37:35.017+0000] {local_task_job_runner.py:266} INFO - Task exited with return code 0
[2024-11-18T12:37:35.082+0000] {taskinstance.py:3895} INFO - 1 downstream tasks scheduled from follow-on schedule check
[2024-11-18T12:37:35.104+0000] {local_task_job_runner.py:245} INFO - ::endgroup::
