[2024-11-18T12:42:46.390+0000] {local_task_job_runner.py:123} INFO - ::group::Pre task execution logs
[2024-11-18T12:42:46.404+0000] {taskinstance.py:2613} INFO - Dependencies all met for dep_context=non-requeueable deps ti=<TaskInstance: etl_pipeline_dag.success_notification manual__2024-11-18T12:42:00.552416+00:00 [queued]>
[2024-11-18T12:42:46.422+0000] {taskinstance.py:2613} INFO - Dependencies all met for dep_context=requeueable deps ti=<TaskInstance: etl_pipeline_dag.success_notification manual__2024-11-18T12:42:00.552416+00:00 [queued]>
[2024-11-18T12:42:46.423+0000] {taskinstance.py:2866} INFO - Starting attempt 1 of 1
[2024-11-18T12:42:46.449+0000] {taskinstance.py:2889} INFO - Executing <Task(BashOperator): success_notification> on 2024-11-18 12:42:00.552416+00:00
[2024-11-18T12:42:46.456+0000] {standard_task_runner.py:72} INFO - Started process 377 to run task
[2024-11-18T12:42:46.458+0000] {standard_task_runner.py:104} INFO - Running: ['airflow', 'tasks', 'run', 'etl_pipeline_dag', 'success_notification', 'manual__2024-11-18T12:42:00.552416+00:00', '--job-id', '29', '--raw', '--subdir', 'DAGS_FOLDER/main.py', '--cfg-path', '/tmp/tmpnj6ncjgw']
[2024-11-18T12:42:46.461+0000] {standard_task_runner.py:105} INFO - Job 29: Subtask success_notification
[2024-11-18T12:42:46.509+0000] {task_command.py:467} INFO - Running <TaskInstance: etl_pipeline_dag.success_notification manual__2024-11-18T12:42:00.552416+00:00 [running]> on host 945969587f65
[2024-11-18T12:42:46.605+0000] {taskinstance.py:3132} INFO - Exporting env vars: AIRFLOW_CTX_DAG_OWNER='airflow' AIRFLOW_CTX_DAG_ID='etl_pipeline_dag' AIRFLOW_CTX_TASK_ID='success_notification' AIRFLOW_CTX_EXECUTION_DATE='2024-11-18T12:42:00.552416+00:00' AIRFLOW_CTX_TRY_NUMBER='1' AIRFLOW_CTX_DAG_RUN_ID='manual__2024-11-18T12:42:00.552416+00:00'
[2024-11-18T12:42:46.605+0000] {taskinstance.py:731} INFO - ::endgroup::
[2024-11-18T12:42:46.632+0000] {subprocess.py:78} INFO - Tmp dir root location: /tmp
[2024-11-18T12:42:46.632+0000] {subprocess.py:88} INFO - Running command: ['/usr/bin/bash', '-c', 'echo "ETL Pipeline completed successfully!"']
[2024-11-18T12:42:46.649+0000] {subprocess.py:99} INFO - Output:
[2024-11-18T12:42:46.656+0000] {subprocess.py:106} INFO - ETL Pipeline completed successfully!
[2024-11-18T12:42:46.657+0000] {subprocess.py:110} INFO - Command exited with return code 0
[2024-11-18T12:42:46.680+0000] {taskinstance.py:340} INFO - ::group::Post task execution logs
[2024-11-18T12:42:46.681+0000] {taskinstance.py:352} INFO - Marking task as SUCCESS. dag_id=etl_pipeline_dag, task_id=success_notification, run_id=manual__2024-11-18T12:42:00.552416+00:00, execution_date=20241118T124200, start_date=20241118T124246, end_date=20241118T124246
[2024-11-18T12:42:46.712+0000] {local_task_job_runner.py:266} INFO - Task exited with return code 0
[2024-11-18T12:42:46.719+0000] {taskinstance.py:3895} INFO - 0 downstream tasks scheduled from follow-on schedule check
[2024-11-18T12:42:46.720+0000] {local_task_job_runner.py:245} INFO - ::endgroup::
