[2024-11-18T12:29:39.123+0000] {processor.py:186} INFO - Started process (PID=88) to work on /opt/airflow/dags/main.py
[2024-11-18T12:29:39.125+0000] {processor.py:914} INFO - Processing file /opt/airflow/dags/main.py for tasks to queue
[2024-11-18T12:29:39.129+0000] {logging_mixin.py:190} INFO - [2024-11-18T12:29:39.128+0000] {dagbag.py:588} INFO - Filling up the DagBag from /opt/airflow/dags/main.py
[2024-11-18T12:29:39.187+0000] {processor.py:925} INFO - DAG(s) 'etl_pipeline_dag' retrieved from /opt/airflow/dags/main.py
[2024-11-18T12:29:39.870+0000] {logging_mixin.py:190} INFO - [2024-11-18T12:29:39.868+0000] {override.py:1911} INFO - Created Permission View: can delete on DAG:etl_pipeline_dag
[2024-11-18T12:29:39.925+0000] {logging_mixin.py:190} INFO - [2024-11-18T12:29:39.923+0000] {override.py:1911} INFO - Created Permission View: can edit on DAG:etl_pipeline_dag
[2024-11-18T12:29:39.953+0000] {logging_mixin.py:190} INFO - [2024-11-18T12:29:39.952+0000] {override.py:1911} INFO - Created Permission View: can read on DAG:etl_pipeline_dag
[2024-11-18T12:29:40.011+0000] {logging_mixin.py:190} INFO - [2024-11-18T12:29:40.010+0000] {override.py:1911} INFO - Created Permission View: can delete on DAG Run:etl_pipeline_dag
[2024-11-18T12:29:40.045+0000] {logging_mixin.py:190} INFO - [2024-11-18T12:29:40.044+0000] {override.py:1911} INFO - Created Permission View: menu access on DAG Run:etl_pipeline_dag
[2024-11-18T12:29:40.079+0000] {logging_mixin.py:190} INFO - [2024-11-18T12:29:40.078+0000] {override.py:1911} INFO - Created Permission View: can read on DAG Run:etl_pipeline_dag
[2024-11-18T12:29:40.112+0000] {logging_mixin.py:190} INFO - [2024-11-18T12:29:40.111+0000] {override.py:1911} INFO - Created Permission View: can create on DAG Run:etl_pipeline_dag
[2024-11-18T12:29:40.113+0000] {logging_mixin.py:190} INFO - [2024-11-18T12:29:40.112+0000] {dag.py:3239} INFO - Sync 1 DAGs
[2024-11-18T12:29:40.150+0000] {logging_mixin.py:190} INFO - [2024-11-18T12:29:40.149+0000] {dag.py:3262} INFO - Creating ORM DAG for etl_pipeline_dag
[2024-11-18T12:29:40.180+0000] {logging_mixin.py:190} INFO - [2024-11-18T12:29:40.179+0000] {dag.py:4180} INFO - Setting next_dagrun for etl_pipeline_dag to 2024-11-17 00:00:00+00:00, run_after=2024-11-18 00:00:00+00:00
[2024-11-18T12:29:40.236+0000] {processor.py:208} INFO - Processing /opt/airflow/dags/main.py took 1.126 seconds
[2024-11-18T12:30:10.529+0000] {processor.py:186} INFO - Started process (PID=89) to work on /opt/airflow/dags/main.py
[2024-11-18T12:30:10.535+0000] {processor.py:914} INFO - Processing file /opt/airflow/dags/main.py for tasks to queue
[2024-11-18T12:30:10.540+0000] {logging_mixin.py:190} INFO - [2024-11-18T12:30:10.539+0000] {dagbag.py:588} INFO - Filling up the DagBag from /opt/airflow/dags/main.py
[2024-11-18T12:30:10.577+0000] {processor.py:925} INFO - DAG(s) 'etl_pipeline_dag' retrieved from /opt/airflow/dags/main.py
[2024-11-18T12:30:10.913+0000] {logging_mixin.py:190} INFO - [2024-11-18T12:30:10.913+0000] {dag.py:3239} INFO - Sync 1 DAGs
[2024-11-18T12:30:10.935+0000] {logging_mixin.py:190} INFO - [2024-11-18T12:30:10.935+0000] {dag.py:4180} INFO - Setting next_dagrun for etl_pipeline_dag to 2024-11-17 00:00:00+00:00, run_after=2024-11-18 00:00:00+00:00
[2024-11-18T12:30:10.965+0000] {processor.py:208} INFO - Processing /opt/airflow/dags/main.py took 0.450 seconds
[2024-11-18T12:30:41.102+0000] {processor.py:186} INFO - Started process (PID=90) to work on /opt/airflow/dags/main.py
[2024-11-18T12:30:41.109+0000] {processor.py:914} INFO - Processing file /opt/airflow/dags/main.py for tasks to queue
[2024-11-18T12:30:41.388+0000] {logging_mixin.py:190} INFO - [2024-11-18T12:30:41.387+0000] {dagbag.py:588} INFO - Filling up the DagBag from /opt/airflow/dags/main.py
[2024-11-18T12:30:41.399+0000] {processor.py:925} INFO - DAG(s) 'etl_pipeline_dag' retrieved from /opt/airflow/dags/main.py
[2024-11-18T12:30:41.427+0000] {logging_mixin.py:190} INFO - [2024-11-18T12:30:41.427+0000] {dag.py:3239} INFO - Sync 1 DAGs
[2024-11-18T12:30:41.443+0000] {logging_mixin.py:190} INFO - [2024-11-18T12:30:41.442+0000] {dag.py:4180} INFO - Setting next_dagrun for etl_pipeline_dag to 2024-11-17 00:00:00+00:00, run_after=2024-11-18 00:00:00+00:00
[2024-11-18T12:30:41.472+0000] {processor.py:208} INFO - Processing /opt/airflow/dags/main.py took 0.385 seconds
[2024-11-18T12:31:11.649+0000] {processor.py:186} INFO - Started process (PID=91) to work on /opt/airflow/dags/main.py
[2024-11-18T12:31:11.652+0000] {processor.py:914} INFO - Processing file /opt/airflow/dags/main.py for tasks to queue
[2024-11-18T12:31:11.657+0000] {logging_mixin.py:190} INFO - [2024-11-18T12:31:11.656+0000] {dagbag.py:588} INFO - Filling up the DagBag from /opt/airflow/dags/main.py
[2024-11-18T12:31:11.692+0000] {processor.py:925} INFO - DAG(s) 'etl_pipeline_dag' retrieved from /opt/airflow/dags/main.py
[2024-11-18T12:31:11.772+0000] {logging_mixin.py:190} INFO - [2024-11-18T12:31:11.771+0000] {dag.py:3239} INFO - Sync 1 DAGs
[2024-11-18T12:31:11.842+0000] {logging_mixin.py:190} INFO - [2024-11-18T12:31:11.841+0000] {dag.py:4180} INFO - Setting next_dagrun for etl_pipeline_dag to 2024-11-17 00:00:00+00:00, run_after=2024-11-18 00:00:00+00:00
[2024-11-18T12:31:11.916+0000] {processor.py:208} INFO - Processing /opt/airflow/dags/main.py took 0.283 seconds
[2024-11-18T12:31:42.125+0000] {processor.py:186} INFO - Started process (PID=92) to work on /opt/airflow/dags/main.py
[2024-11-18T12:31:42.132+0000] {processor.py:914} INFO - Processing file /opt/airflow/dags/main.py for tasks to queue
[2024-11-18T12:31:42.137+0000] {logging_mixin.py:190} INFO - [2024-11-18T12:31:42.136+0000] {dagbag.py:588} INFO - Filling up the DagBag from /opt/airflow/dags/main.py
[2024-11-18T12:31:42.173+0000] {processor.py:925} INFO - DAG(s) 'etl_pipeline_dag' retrieved from /opt/airflow/dags/main.py
[2024-11-18T12:31:42.249+0000] {logging_mixin.py:190} INFO - [2024-11-18T12:31:42.248+0000] {dag.py:3239} INFO - Sync 1 DAGs
[2024-11-18T12:31:42.317+0000] {logging_mixin.py:190} INFO - [2024-11-18T12:31:42.316+0000] {dag.py:4180} INFO - Setting next_dagrun for etl_pipeline_dag to 2024-11-17 00:00:00+00:00, run_after=2024-11-18 00:00:00+00:00
[2024-11-18T12:31:42.390+0000] {processor.py:208} INFO - Processing /opt/airflow/dags/main.py took 0.279 seconds
[2024-11-18T12:32:36.692+0000] {processor.py:186} INFO - Started process (PID=59) to work on /opt/airflow/dags/main.py
[2024-11-18T12:32:36.693+0000] {processor.py:914} INFO - Processing file /opt/airflow/dags/main.py for tasks to queue
[2024-11-18T12:32:36.695+0000] {logging_mixin.py:190} INFO - [2024-11-18T12:32:36.695+0000] {dagbag.py:588} INFO - Filling up the DagBag from /opt/airflow/dags/main.py
[2024-11-18T12:32:36.704+0000] {processor.py:925} INFO - DAG(s) 'etl_pipeline_dag' retrieved from /opt/airflow/dags/main.py
[2024-11-18T12:32:36.737+0000] {logging_mixin.py:190} INFO - [2024-11-18T12:32:36.737+0000] {dag.py:3239} INFO - Sync 1 DAGs
[2024-11-18T12:32:36.754+0000] {logging_mixin.py:190} INFO - [2024-11-18T12:32:36.754+0000] {dag.py:4180} INFO - Setting next_dagrun for etl_pipeline_dag to 2024-11-17 00:00:00+00:00, run_after=2024-11-18 00:00:00+00:00
[2024-11-18T12:32:36.775+0000] {processor.py:208} INFO - Processing /opt/airflow/dags/main.py took 0.087 seconds
[2024-11-18T12:33:12.466+0000] {processor.py:186} INFO - Started process (PID=104) to work on /opt/airflow/dags/main.py
[2024-11-18T12:33:12.468+0000] {processor.py:914} INFO - Processing file /opt/airflow/dags/main.py for tasks to queue
[2024-11-18T12:33:12.475+0000] {logging_mixin.py:190} INFO - [2024-11-18T12:33:12.474+0000] {dagbag.py:588} INFO - Filling up the DagBag from /opt/airflow/dags/main.py
[2024-11-18T12:33:12.520+0000] {processor.py:925} INFO - DAG(s) 'etl_pipeline_dag' retrieved from /opt/airflow/dags/main.py
[2024-11-18T12:33:12.620+0000] {logging_mixin.py:190} INFO - [2024-11-18T12:33:12.619+0000] {dag.py:3239} INFO - Sync 1 DAGs
[2024-11-18T12:33:12.712+0000] {logging_mixin.py:190} INFO - [2024-11-18T12:33:12.710+0000] {dag.py:4180} INFO - Setting next_dagrun for etl_pipeline_dag to 2024-11-18 00:00:00+00:00, run_after=2024-11-19 00:00:00+00:00
[2024-11-18T12:33:12.813+0000] {processor.py:208} INFO - Processing /opt/airflow/dags/main.py took 0.366 seconds
[2024-11-18T12:33:44.068+0000] {processor.py:186} INFO - Started process (PID=129) to work on /opt/airflow/dags/main.py
[2024-11-18T12:33:44.071+0000] {processor.py:914} INFO - Processing file /opt/airflow/dags/main.py for tasks to queue
[2024-11-18T12:33:44.079+0000] {logging_mixin.py:190} INFO - [2024-11-18T12:33:44.077+0000] {dagbag.py:588} INFO - Filling up the DagBag from /opt/airflow/dags/main.py
[2024-11-18T12:33:44.125+0000] {processor.py:925} INFO - DAG(s) 'etl_pipeline_dag' retrieved from /opt/airflow/dags/main.py
[2024-11-18T12:33:44.214+0000] {logging_mixin.py:190} INFO - [2024-11-18T12:33:44.214+0000] {dag.py:3239} INFO - Sync 1 DAGs
[2024-11-18T12:33:44.288+0000] {logging_mixin.py:190} INFO - [2024-11-18T12:33:44.288+0000] {dag.py:4180} INFO - Setting next_dagrun for etl_pipeline_dag to 2024-11-18 00:00:00+00:00, run_after=2024-11-19 00:00:00+00:00
[2024-11-18T12:33:44.357+0000] {processor.py:208} INFO - Processing /opt/airflow/dags/main.py took 0.307 seconds
[2024-11-18T12:34:14.552+0000] {processor.py:186} INFO - Started process (PID=130) to work on /opt/airflow/dags/main.py
[2024-11-18T12:34:14.558+0000] {processor.py:914} INFO - Processing file /opt/airflow/dags/main.py for tasks to queue
[2024-11-18T12:34:14.564+0000] {logging_mixin.py:190} INFO - [2024-11-18T12:34:14.563+0000] {dagbag.py:588} INFO - Filling up the DagBag from /opt/airflow/dags/main.py
[2024-11-18T12:34:14.605+0000] {processor.py:925} INFO - DAG(s) 'etl_pipeline_dag' retrieved from /opt/airflow/dags/main.py
[2024-11-18T12:34:14.681+0000] {logging_mixin.py:190} INFO - [2024-11-18T12:34:14.680+0000] {dag.py:3239} INFO - Sync 1 DAGs
[2024-11-18T12:34:14.763+0000] {logging_mixin.py:190} INFO - [2024-11-18T12:34:14.763+0000] {dag.py:4180} INFO - Setting next_dagrun for etl_pipeline_dag to 2024-11-18 00:00:00+00:00, run_after=2024-11-19 00:00:00+00:00
[2024-11-18T12:34:14.838+0000] {processor.py:208} INFO - Processing /opt/airflow/dags/main.py took 0.300 seconds
[2024-11-18T12:34:45.570+0000] {processor.py:186} INFO - Started process (PID=131) to work on /opt/airflow/dags/main.py
[2024-11-18T12:34:45.577+0000] {processor.py:914} INFO - Processing file /opt/airflow/dags/main.py for tasks to queue
[2024-11-18T12:34:45.593+0000] {logging_mixin.py:190} INFO - [2024-11-18T12:34:45.591+0000] {dagbag.py:588} INFO - Filling up the DagBag from /opt/airflow/dags/main.py
[2024-11-18T12:34:45.648+0000] {processor.py:925} INFO - DAG(s) 'etl_pipeline_dag' retrieved from /opt/airflow/dags/main.py
[2024-11-18T12:34:45.751+0000] {logging_mixin.py:190} INFO - [2024-11-18T12:34:45.751+0000] {dag.py:3239} INFO - Sync 1 DAGs
[2024-11-18T12:34:45.839+0000] {logging_mixin.py:190} INFO - [2024-11-18T12:34:45.838+0000] {dag.py:4180} INFO - Setting next_dagrun for etl_pipeline_dag to 2024-11-18 00:00:00+00:00, run_after=2024-11-19 00:00:00+00:00
[2024-11-18T12:34:45.930+0000] {processor.py:208} INFO - Processing /opt/airflow/dags/main.py took 0.381 seconds
[2024-11-18T12:35:16.524+0000] {processor.py:186} INFO - Started process (PID=132) to work on /opt/airflow/dags/main.py
[2024-11-18T12:35:16.530+0000] {processor.py:914} INFO - Processing file /opt/airflow/dags/main.py for tasks to queue
[2024-11-18T12:35:16.535+0000] {logging_mixin.py:190} INFO - [2024-11-18T12:35:16.534+0000] {dagbag.py:588} INFO - Filling up the DagBag from /opt/airflow/dags/main.py
[2024-11-18T12:35:16.572+0000] {processor.py:925} INFO - DAG(s) 'etl_pipeline_dag' retrieved from /opt/airflow/dags/main.py
[2024-11-18T12:35:16.650+0000] {logging_mixin.py:190} INFO - [2024-11-18T12:35:16.649+0000] {dag.py:3239} INFO - Sync 1 DAGs
[2024-11-18T12:35:16.722+0000] {logging_mixin.py:190} INFO - [2024-11-18T12:35:16.722+0000] {dag.py:4180} INFO - Setting next_dagrun for etl_pipeline_dag to 2024-11-18 00:00:00+00:00, run_after=2024-11-19 00:00:00+00:00
[2024-11-18T12:35:16.784+0000] {processor.py:208} INFO - Processing /opt/airflow/dags/main.py took 0.274 seconds
[2024-11-18T12:35:47.442+0000] {processor.py:186} INFO - Started process (PID=133) to work on /opt/airflow/dags/main.py
[2024-11-18T12:35:47.486+0000] {processor.py:914} INFO - Processing file /opt/airflow/dags/main.py for tasks to queue
[2024-11-18T12:35:47.491+0000] {logging_mixin.py:190} INFO - [2024-11-18T12:35:47.490+0000] {dagbag.py:588} INFO - Filling up the DagBag from /opt/airflow/dags/main.py
[2024-11-18T12:35:47.527+0000] {processor.py:925} INFO - DAG(s) 'etl_pipeline_dag' retrieved from /opt/airflow/dags/main.py
[2024-11-18T12:35:47.598+0000] {logging_mixin.py:190} INFO - [2024-11-18T12:35:47.597+0000] {dag.py:3239} INFO - Sync 1 DAGs
[2024-11-18T12:35:47.663+0000] {logging_mixin.py:190} INFO - [2024-11-18T12:35:47.662+0000] {dag.py:4180} INFO - Setting next_dagrun for etl_pipeline_dag to 2024-11-18 00:00:00+00:00, run_after=2024-11-19 00:00:00+00:00
[2024-11-18T12:35:47.732+0000] {processor.py:208} INFO - Processing /opt/airflow/dags/main.py took 0.305 seconds
[2024-11-18T12:36:18.195+0000] {processor.py:186} INFO - Started process (PID=134) to work on /opt/airflow/dags/main.py
[2024-11-18T12:36:18.200+0000] {processor.py:914} INFO - Processing file /opt/airflow/dags/main.py for tasks to queue
[2024-11-18T12:36:18.206+0000] {logging_mixin.py:190} INFO - [2024-11-18T12:36:18.205+0000] {dagbag.py:588} INFO - Filling up the DagBag from /opt/airflow/dags/main.py
[2024-11-18T12:36:18.249+0000] {processor.py:925} INFO - DAG(s) 'etl_pipeline_dag' retrieved from /opt/airflow/dags/main.py
[2024-11-18T12:36:18.340+0000] {logging_mixin.py:190} INFO - [2024-11-18T12:36:18.339+0000] {dag.py:3239} INFO - Sync 1 DAGs
[2024-11-18T12:36:18.425+0000] {logging_mixin.py:190} INFO - [2024-11-18T12:36:18.424+0000] {dag.py:4180} INFO - Setting next_dagrun for etl_pipeline_dag to 2024-11-18 00:00:00+00:00, run_after=2024-11-19 00:00:00+00:00
[2024-11-18T12:36:18.516+0000] {processor.py:208} INFO - Processing /opt/airflow/dags/main.py took 0.335 seconds
[2024-11-18T12:36:19.764+0000] {processor.py:186} INFO - Started process (PID=135) to work on /opt/airflow/dags/main.py
[2024-11-18T12:36:19.766+0000] {processor.py:914} INFO - Processing file /opt/airflow/dags/main.py for tasks to queue
[2024-11-18T12:36:19.772+0000] {logging_mixin.py:190} INFO - [2024-11-18T12:36:19.771+0000] {dagbag.py:588} INFO - Filling up the DagBag from /opt/airflow/dags/main.py
[2024-11-18T12:36:19.808+0000] {processor.py:925} INFO - DAG(s) 'etl_pipeline_dag' retrieved from /opt/airflow/dags/main.py
[2024-11-18T12:36:20.293+0000] {logging_mixin.py:190} INFO - [2024-11-18T12:36:20.292+0000] {dag.py:3239} INFO - Sync 1 DAGs
[2024-11-18T12:36:20.356+0000] {logging_mixin.py:190} INFO - [2024-11-18T12:36:20.355+0000] {dag.py:4180} INFO - Setting next_dagrun for etl_pipeline_dag to 2024-11-18 00:00:00+00:00, run_after=2024-11-19 00:00:00+00:00
[2024-11-18T12:36:20.429+0000] {processor.py:208} INFO - Processing /opt/airflow/dags/main.py took 0.680 seconds
[2024-11-18T12:37:08.564+0000] {processor.py:186} INFO - Started process (PID=59) to work on /opt/airflow/dags/main.py
[2024-11-18T12:37:08.564+0000] {processor.py:914} INFO - Processing file /opt/airflow/dags/main.py for tasks to queue
[2024-11-18T12:37:08.566+0000] {logging_mixin.py:190} INFO - [2024-11-18T12:37:08.566+0000] {dagbag.py:588} INFO - Filling up the DagBag from /opt/airflow/dags/main.py
[2024-11-18T12:37:08.575+0000] {processor.py:925} INFO - DAG(s) 'etl_pipeline_dag' retrieved from /opt/airflow/dags/main.py
[2024-11-18T12:37:08.677+0000] {logging_mixin.py:190} INFO - [2024-11-18T12:37:08.677+0000] {dag.py:3239} INFO - Sync 1 DAGs
[2024-11-18T12:37:08.842+0000] {logging_mixin.py:190} INFO - [2024-11-18T12:37:08.842+0000] {dag.py:4180} INFO - Setting next_dagrun for etl_pipeline_dag to 2024-11-18 00:00:00+00:00, run_after=2024-11-19 00:00:00+00:00
[2024-11-18T12:37:08.872+0000] {processor.py:208} INFO - Processing /opt/airflow/dags/main.py took 0.311 seconds
[2024-11-18T12:38:00.991+0000] {processor.py:186} INFO - Started process (PID=176) to work on /opt/airflow/dags/main.py
[2024-11-18T12:38:00.992+0000] {processor.py:914} INFO - Processing file /opt/airflow/dags/main.py for tasks to queue
[2024-11-18T12:38:00.995+0000] {logging_mixin.py:190} INFO - [2024-11-18T12:38:00.994+0000] {dagbag.py:588} INFO - Filling up the DagBag from /opt/airflow/dags/main.py
[2024-11-18T12:38:01.012+0000] {processor.py:925} INFO - DAG(s) 'etl_pipeline_dag' retrieved from /opt/airflow/dags/main.py
[2024-11-18T12:38:01.094+0000] {logging_mixin.py:190} INFO - [2024-11-18T12:38:01.094+0000] {dag.py:3239} INFO - Sync 1 DAGs
[2024-11-18T12:38:01.168+0000] {logging_mixin.py:190} INFO - [2024-11-18T12:38:01.168+0000] {dag.py:4180} INFO - Setting next_dagrun for etl_pipeline_dag to 2024-11-18 00:00:00+00:00, run_after=2024-11-19 00:00:00+00:00
[2024-11-18T12:38:01.250+0000] {processor.py:208} INFO - Processing /opt/airflow/dags/main.py took 0.263 seconds
[2024-11-18T12:38:39.447+0000] {processor.py:186} INFO - Started process (PID=215) to work on /opt/airflow/dags/main.py
[2024-11-18T12:38:39.449+0000] {processor.py:914} INFO - Processing file /opt/airflow/dags/main.py for tasks to queue
[2024-11-18T12:38:39.453+0000] {logging_mixin.py:190} INFO - [2024-11-18T12:38:39.452+0000] {dagbag.py:588} INFO - Filling up the DagBag from /opt/airflow/dags/main.py
[2024-11-18T12:38:39.487+0000] {processor.py:925} INFO - DAG(s) 'etl_pipeline_dag' retrieved from /opt/airflow/dags/main.py
[2024-11-18T12:38:39.560+0000] {logging_mixin.py:190} INFO - [2024-11-18T12:38:39.559+0000] {dag.py:3239} INFO - Sync 1 DAGs
[2024-11-18T12:38:39.617+0000] {logging_mixin.py:190} INFO - [2024-11-18T12:38:39.616+0000] {dag.py:4180} INFO - Setting next_dagrun for etl_pipeline_dag to 2024-11-18 00:00:00+00:00, run_after=2024-11-19 00:00:00+00:00
[2024-11-18T12:38:39.685+0000] {processor.py:208} INFO - Processing /opt/airflow/dags/main.py took 0.246 seconds
[2024-11-18T12:39:10.086+0000] {processor.py:186} INFO - Started process (PID=216) to work on /opt/airflow/dags/main.py
[2024-11-18T12:39:10.093+0000] {processor.py:914} INFO - Processing file /opt/airflow/dags/main.py for tasks to queue
[2024-11-18T12:39:10.101+0000] {logging_mixin.py:190} INFO - [2024-11-18T12:39:10.100+0000] {dagbag.py:588} INFO - Filling up the DagBag from /opt/airflow/dags/main.py
[2024-11-18T12:39:10.149+0000] {processor.py:925} INFO - DAG(s) 'etl_pipeline_dag' retrieved from /opt/airflow/dags/main.py
[2024-11-18T12:39:10.261+0000] {logging_mixin.py:190} INFO - [2024-11-18T12:39:10.260+0000] {dag.py:3239} INFO - Sync 1 DAGs
[2024-11-18T12:39:10.359+0000] {logging_mixin.py:190} INFO - [2024-11-18T12:39:10.358+0000] {dag.py:4180} INFO - Setting next_dagrun for etl_pipeline_dag to 2024-11-18 00:00:00+00:00, run_after=2024-11-19 00:00:00+00:00
[2024-11-18T12:39:10.421+0000] {processor.py:208} INFO - Processing /opt/airflow/dags/main.py took 0.355 seconds
[2024-11-18T12:39:40.810+0000] {processor.py:186} INFO - Started process (PID=217) to work on /opt/airflow/dags/main.py
[2024-11-18T12:39:40.815+0000] {processor.py:914} INFO - Processing file /opt/airflow/dags/main.py for tasks to queue
[2024-11-18T12:39:40.821+0000] {logging_mixin.py:190} INFO - [2024-11-18T12:39:40.820+0000] {dagbag.py:588} INFO - Filling up the DagBag from /opt/airflow/dags/main.py
[2024-11-18T12:39:40.865+0000] {processor.py:925} INFO - DAG(s) 'etl_pipeline_dag' retrieved from /opt/airflow/dags/main.py
[2024-11-18T12:39:40.961+0000] {logging_mixin.py:190} INFO - [2024-11-18T12:39:40.961+0000] {dag.py:3239} INFO - Sync 1 DAGs
[2024-11-18T12:39:41.040+0000] {logging_mixin.py:190} INFO - [2024-11-18T12:39:41.039+0000] {dag.py:4180} INFO - Setting next_dagrun for etl_pipeline_dag to 2024-11-18 00:00:00+00:00, run_after=2024-11-19 00:00:00+00:00
[2024-11-18T12:39:41.102+0000] {processor.py:208} INFO - Processing /opt/airflow/dags/main.py took 0.305 seconds
[2024-11-18T12:40:19.478+0000] {processor.py:186} INFO - Started process (PID=266) to work on /opt/airflow/dags/main.py
[2024-11-18T12:40:19.480+0000] {processor.py:914} INFO - Processing file /opt/airflow/dags/main.py for tasks to queue
[2024-11-18T12:40:19.485+0000] {logging_mixin.py:190} INFO - [2024-11-18T12:40:19.484+0000] {dagbag.py:588} INFO - Filling up the DagBag from /opt/airflow/dags/main.py
[2024-11-18T12:40:19.518+0000] {processor.py:925} INFO - DAG(s) 'etl_pipeline_dag' retrieved from /opt/airflow/dags/main.py
[2024-11-18T12:40:19.590+0000] {logging_mixin.py:190} INFO - [2024-11-18T12:40:19.589+0000] {dag.py:3239} INFO - Sync 1 DAGs
[2024-11-18T12:40:19.649+0000] {logging_mixin.py:190} INFO - [2024-11-18T12:40:19.648+0000] {dag.py:4180} INFO - Setting next_dagrun for etl_pipeline_dag to 2024-11-18 00:00:00+00:00, run_after=2024-11-19 00:00:00+00:00
[2024-11-18T12:40:19.708+0000] {processor.py:208} INFO - Processing /opt/airflow/dags/main.py took 0.242 seconds
[2024-11-18T12:40:49.887+0000] {processor.py:186} INFO - Started process (PID=297) to work on /opt/airflow/dags/main.py
[2024-11-18T12:40:49.895+0000] {processor.py:914} INFO - Processing file /opt/airflow/dags/main.py for tasks to queue
[2024-11-18T12:40:49.903+0000] {logging_mixin.py:190} INFO - [2024-11-18T12:40:49.902+0000] {dagbag.py:588} INFO - Filling up the DagBag from /opt/airflow/dags/main.py
[2024-11-18T12:40:49.952+0000] {processor.py:925} INFO - DAG(s) 'etl_pipeline_dag' retrieved from /opt/airflow/dags/main.py
[2024-11-18T12:40:50.055+0000] {logging_mixin.py:190} INFO - [2024-11-18T12:40:50.053+0000] {dag.py:3239} INFO - Sync 1 DAGs
[2024-11-18T12:40:50.146+0000] {logging_mixin.py:190} INFO - [2024-11-18T12:40:50.146+0000] {dag.py:4180} INFO - Setting next_dagrun for etl_pipeline_dag to 2024-11-18 00:00:00+00:00, run_after=2024-11-19 00:00:00+00:00
[2024-11-18T12:40:50.227+0000] {processor.py:208} INFO - Processing /opt/airflow/dags/main.py took 0.361 seconds
[2024-11-18T12:41:20.581+0000] {processor.py:186} INFO - Started process (PID=298) to work on /opt/airflow/dags/main.py
[2024-11-18T12:41:20.587+0000] {processor.py:914} INFO - Processing file /opt/airflow/dags/main.py for tasks to queue
[2024-11-18T12:41:20.594+0000] {logging_mixin.py:190} INFO - [2024-11-18T12:41:20.592+0000] {dagbag.py:588} INFO - Filling up the DagBag from /opt/airflow/dags/main.py
[2024-11-18T12:41:20.639+0000] {processor.py:925} INFO - DAG(s) 'etl_pipeline_dag' retrieved from /opt/airflow/dags/main.py
[2024-11-18T12:41:20.736+0000] {logging_mixin.py:190} INFO - [2024-11-18T12:41:20.735+0000] {dag.py:3239} INFO - Sync 1 DAGs
[2024-11-18T12:41:20.803+0000] {logging_mixin.py:190} INFO - [2024-11-18T12:41:20.802+0000] {dag.py:4180} INFO - Setting next_dagrun for etl_pipeline_dag to 2024-11-18 00:00:00+00:00, run_after=2024-11-19 00:00:00+00:00
[2024-11-18T12:41:20.869+0000] {processor.py:208} INFO - Processing /opt/airflow/dags/main.py took 0.305 seconds
[2024-11-18T12:41:45.788+0000] {processor.py:186} INFO - Started process (PID=299) to work on /opt/airflow/dags/main.py
[2024-11-18T12:41:45.791+0000] {processor.py:914} INFO - Processing file /opt/airflow/dags/main.py for tasks to queue
[2024-11-18T12:41:45.797+0000] {logging_mixin.py:190} INFO - [2024-11-18T12:41:45.796+0000] {dagbag.py:588} INFO - Filling up the DagBag from /opt/airflow/dags/main.py
[2024-11-18T12:41:45.818+0000] {processor.py:925} INFO - DAG(s) 'etl_pipeline_dag' retrieved from /opt/airflow/dags/main.py
[2024-11-18T12:41:46.350+0000] {logging_mixin.py:190} INFO - [2024-11-18T12:41:46.350+0000] {dag.py:3239} INFO - Sync 1 DAGs
[2024-11-18T12:41:46.370+0000] {logging_mixin.py:190} INFO - [2024-11-18T12:41:46.370+0000] {dag.py:4180} INFO - Setting next_dagrun for etl_pipeline_dag to 2024-11-18 00:00:00+00:00, run_after=2024-11-19 00:00:00+00:00
[2024-11-18T12:41:46.411+0000] {processor.py:208} INFO - Processing /opt/airflow/dags/main.py took 0.630 seconds
[2024-11-18T12:42:17.347+0000] {processor.py:186} INFO - Started process (PID=327) to work on /opt/airflow/dags/main.py
[2024-11-18T12:42:17.350+0000] {processor.py:914} INFO - Processing file /opt/airflow/dags/main.py for tasks to queue
[2024-11-18T12:42:17.353+0000] {logging_mixin.py:190} INFO - [2024-11-18T12:42:17.352+0000] {dagbag.py:588} INFO - Filling up the DagBag from /opt/airflow/dags/main.py
[2024-11-18T12:42:17.382+0000] {processor.py:925} INFO - DAG(s) 'etl_pipeline_dag' retrieved from /opt/airflow/dags/main.py
[2024-11-18T12:42:17.451+0000] {logging_mixin.py:190} INFO - [2024-11-18T12:42:17.449+0000] {dag.py:3239} INFO - Sync 1 DAGs
[2024-11-18T12:42:17.531+0000] {logging_mixin.py:190} INFO - [2024-11-18T12:42:17.530+0000] {dag.py:4180} INFO - Setting next_dagrun for etl_pipeline_dag to 2024-11-18 00:00:00+00:00, run_after=2024-11-19 00:00:00+00:00
[2024-11-18T12:42:17.621+0000] {processor.py:208} INFO - Processing /opt/airflow/dags/main.py took 0.281 seconds
[2024-11-18T12:42:48.380+0000] {processor.py:186} INFO - Started process (PID=380) to work on /opt/airflow/dags/main.py
[2024-11-18T12:42:48.385+0000] {processor.py:914} INFO - Processing file /opt/airflow/dags/main.py for tasks to queue
[2024-11-18T12:42:48.386+0000] {logging_mixin.py:190} INFO - [2024-11-18T12:42:48.386+0000] {dagbag.py:588} INFO - Filling up the DagBag from /opt/airflow/dags/main.py
[2024-11-18T12:42:48.405+0000] {processor.py:925} INFO - DAG(s) 'etl_pipeline_dag' retrieved from /opt/airflow/dags/main.py
[2024-11-18T12:42:48.429+0000] {logging_mixin.py:190} INFO - [2024-11-18T12:42:48.428+0000] {dag.py:3239} INFO - Sync 1 DAGs
[2024-11-18T12:42:48.468+0000] {logging_mixin.py:190} INFO - [2024-11-18T12:42:48.468+0000] {dag.py:4180} INFO - Setting next_dagrun for etl_pipeline_dag to 2024-11-18 00:00:00+00:00, run_after=2024-11-19 00:00:00+00:00
[2024-11-18T12:42:48.506+0000] {processor.py:208} INFO - Processing /opt/airflow/dags/main.py took 0.130 seconds
[2024-11-18T12:43:19.627+0000] {processor.py:186} INFO - Started process (PID=381) to work on /opt/airflow/dags/main.py
[2024-11-18T12:43:19.634+0000] {processor.py:914} INFO - Processing file /opt/airflow/dags/main.py for tasks to queue
[2024-11-18T12:43:19.641+0000] {logging_mixin.py:190} INFO - [2024-11-18T12:43:19.640+0000] {dagbag.py:588} INFO - Filling up the DagBag from /opt/airflow/dags/main.py
[2024-11-18T12:43:19.728+0000] {processor.py:925} INFO - DAG(s) 'etl_pipeline_dag' retrieved from /opt/airflow/dags/main.py
[2024-11-18T12:43:19.829+0000] {logging_mixin.py:190} INFO - [2024-11-18T12:43:19.828+0000] {dag.py:3239} INFO - Sync 1 DAGs
[2024-11-18T12:43:19.910+0000] {logging_mixin.py:190} INFO - [2024-11-18T12:43:19.909+0000] {dag.py:4180} INFO - Setting next_dagrun for etl_pipeline_dag to 2024-11-18 00:00:00+00:00, run_after=2024-11-19 00:00:00+00:00
[2024-11-18T12:43:20.152+0000] {processor.py:208} INFO - Processing /opt/airflow/dags/main.py took 0.543 seconds
[2024-11-18T12:43:50.426+0000] {processor.py:186} INFO - Started process (PID=382) to work on /opt/airflow/dags/main.py
[2024-11-18T12:43:50.433+0000] {processor.py:914} INFO - Processing file /opt/airflow/dags/main.py for tasks to queue
[2024-11-18T12:43:50.438+0000] {logging_mixin.py:190} INFO - [2024-11-18T12:43:50.437+0000] {dagbag.py:588} INFO - Filling up the DagBag from /opt/airflow/dags/main.py
[2024-11-18T12:43:50.498+0000] {processor.py:925} INFO - DAG(s) 'etl_pipeline_dag' retrieved from /opt/airflow/dags/main.py
[2024-11-18T12:43:50.574+0000] {logging_mixin.py:190} INFO - [2024-11-18T12:43:50.573+0000] {dag.py:3239} INFO - Sync 1 DAGs
[2024-11-18T12:43:50.797+0000] {logging_mixin.py:190} INFO - [2024-11-18T12:43:50.797+0000] {dag.py:4180} INFO - Setting next_dagrun for etl_pipeline_dag to 2024-11-18 00:00:00+00:00, run_after=2024-11-19 00:00:00+00:00
[2024-11-18T12:43:50.833+0000] {processor.py:208} INFO - Processing /opt/airflow/dags/main.py took 0.423 seconds
[2024-11-18T12:44:21.184+0000] {processor.py:186} INFO - Started process (PID=383) to work on /opt/airflow/dags/main.py
[2024-11-18T12:44:21.191+0000] {processor.py:914} INFO - Processing file /opt/airflow/dags/main.py for tasks to queue
[2024-11-18T12:44:21.197+0000] {logging_mixin.py:190} INFO - [2024-11-18T12:44:21.196+0000] {dagbag.py:588} INFO - Filling up the DagBag from /opt/airflow/dags/main.py
[2024-11-18T12:44:21.254+0000] {processor.py:925} INFO - DAG(s) 'etl_pipeline_dag' retrieved from /opt/airflow/dags/main.py
[2024-11-18T12:44:21.324+0000] {logging_mixin.py:190} INFO - [2024-11-18T12:44:21.323+0000] {dag.py:3239} INFO - Sync 1 DAGs
[2024-11-18T12:44:21.541+0000] {logging_mixin.py:190} INFO - [2024-11-18T12:44:21.541+0000] {dag.py:4180} INFO - Setting next_dagrun for etl_pipeline_dag to 2024-11-18 00:00:00+00:00, run_after=2024-11-19 00:00:00+00:00
[2024-11-18T12:44:21.607+0000] {processor.py:208} INFO - Processing /opt/airflow/dags/main.py took 0.437 seconds
[2024-11-18T12:44:51.939+0000] {processor.py:186} INFO - Started process (PID=384) to work on /opt/airflow/dags/main.py
[2024-11-18T12:44:51.942+0000] {processor.py:914} INFO - Processing file /opt/airflow/dags/main.py for tasks to queue
[2024-11-18T12:44:51.949+0000] {logging_mixin.py:190} INFO - [2024-11-18T12:44:51.948+0000] {dagbag.py:588} INFO - Filling up the DagBag from /opt/airflow/dags/main.py
[2024-11-18T12:44:52.002+0000] {processor.py:925} INFO - DAG(s) 'etl_pipeline_dag' retrieved from /opt/airflow/dags/main.py
[2024-11-18T12:44:52.391+0000] {logging_mixin.py:190} INFO - [2024-11-18T12:44:52.390+0000] {dag.py:3239} INFO - Sync 1 DAGs
[2024-11-18T12:44:52.480+0000] {logging_mixin.py:190} INFO - [2024-11-18T12:44:52.479+0000] {dag.py:4180} INFO - Setting next_dagrun for etl_pipeline_dag to 2024-11-18 00:00:00+00:00, run_after=2024-11-19 00:00:00+00:00
[2024-11-18T12:44:52.572+0000] {processor.py:208} INFO - Processing /opt/airflow/dags/main.py took 0.650 seconds
